mode: set
github.com/imhasandl/search-service/internal/mocks/mocks.go:18.36,20.2 1 0
github.com/imhasandl/search-service/internal/mocks/mocks.go:24.103,27.2 2 0
github.com/imhasandl/search-service/internal/mocks/mocks.go:31.109,34.2 2 0
github.com/imhasandl/search-service/internal/mocks/mocks.go:38.103,41.2 2 0
github.com/imhasandl/search-service/internal/mocks/mocks.go:45.109,48.2 2 0
github.com/imhasandl/search-service/internal/mocks/mocks.go:52.107,55.2 2 0
github.com/imhasandl/search-service/internal/mocks/mocks.go:59.113,62.2 2 0
github.com/imhasandl/search-service/main.go:19.13,21.45 1 0
github.com/imhasandl/search-service/main.go:21.45,22.47 1 0
github.com/imhasandl/search-service/main.go:22.47,24.4 1 0
github.com/imhasandl/search-service/main.go:27.2,28.16 2 0
github.com/imhasandl/search-service/main.go:28.16,30.3 1 0
github.com/imhasandl/search-service/main.go:32.2,33.17 2 0
github.com/imhasandl/search-service/main.go:33.17,35.3 1 0
github.com/imhasandl/search-service/main.go:37.2,38.23 2 0
github.com/imhasandl/search-service/main.go:38.23,40.3 1 0
github.com/imhasandl/search-service/main.go:42.2,43.16 2 0
github.com/imhasandl/search-service/main.go:43.16,45.3 1 0
github.com/imhasandl/search-service/main.go:47.2,48.16 2 0
github.com/imhasandl/search-service/main.go:48.16,50.3 1 0
github.com/imhasandl/search-service/main.go:51.2,62.37 8 0
github.com/imhasandl/search-service/main.go:62.37,64.3 1 0
github.com/imhasandl/search-service/internal/database/db.go:19.28,21.2 1 0
github.com/imhasandl/search-service/internal/database/db.go:27.47,31.2 1 0
github.com/imhasandl/search-service/internal/database/posts.sql.go:20.93,22.16 2 0
github.com/imhasandl/search-service/internal/database/posts.sql.go:22.16,24.3 1 0
github.com/imhasandl/search-service/internal/database/posts.sql.go:25.2,27.18 3 0
github.com/imhasandl/search-service/internal/database/posts.sql.go:27.18,38.17 2 0
github.com/imhasandl/search-service/internal/database/posts.sql.go:38.17,40.4 1 0
github.com/imhasandl/search-service/internal/database/posts.sql.go:41.3,41.27 1 0
github.com/imhasandl/search-service/internal/database/posts.sql.go:43.2,43.37 1 0
github.com/imhasandl/search-service/internal/database/posts.sql.go:43.37,45.3 1 0
github.com/imhasandl/search-service/internal/database/posts.sql.go:46.2,46.35 1 0
github.com/imhasandl/search-service/internal/database/posts.sql.go:46.35,48.3 1 0
github.com/imhasandl/search-service/internal/database/posts.sql.go:49.2,49.19 1 0
github.com/imhasandl/search-service/internal/database/posts.sql.go:58.99,60.16 2 0
github.com/imhasandl/search-service/internal/database/posts.sql.go:60.16,62.3 1 0
github.com/imhasandl/search-service/internal/database/posts.sql.go:63.2,65.18 3 0
github.com/imhasandl/search-service/internal/database/posts.sql.go:65.18,76.17 2 0
github.com/imhasandl/search-service/internal/database/posts.sql.go:76.17,78.4 1 0
github.com/imhasandl/search-service/internal/database/posts.sql.go:79.3,79.27 1 0
github.com/imhasandl/search-service/internal/database/posts.sql.go:81.2,81.37 1 0
github.com/imhasandl/search-service/internal/database/posts.sql.go:81.37,83.3 1 0
github.com/imhasandl/search-service/internal/database/posts.sql.go:84.2,84.35 1 0
github.com/imhasandl/search-service/internal/database/posts.sql.go:84.35,86.3 1 0
github.com/imhasandl/search-service/internal/database/posts.sql.go:87.2,87.19 1 0
github.com/imhasandl/search-service/internal/database/reports.sql.go:18.97,20.16 2 0
github.com/imhasandl/search-service/internal/database/reports.sql.go:20.16,22.3 1 0
github.com/imhasandl/search-service/internal/database/reports.sql.go:23.2,25.18 3 0
github.com/imhasandl/search-service/internal/database/reports.sql.go:25.18,32.17 2 0
github.com/imhasandl/search-service/internal/database/reports.sql.go:32.17,34.4 1 0
github.com/imhasandl/search-service/internal/database/reports.sql.go:35.3,35.27 1 0
github.com/imhasandl/search-service/internal/database/reports.sql.go:37.2,37.37 1 0
github.com/imhasandl/search-service/internal/database/reports.sql.go:37.37,39.3 1 0
github.com/imhasandl/search-service/internal/database/reports.sql.go:40.2,40.35 1 0
github.com/imhasandl/search-service/internal/database/reports.sql.go:40.35,42.3 1 0
github.com/imhasandl/search-service/internal/database/reports.sql.go:43.2,43.19 1 0
github.com/imhasandl/search-service/internal/database/reports.sql.go:52.103,54.16 2 0
github.com/imhasandl/search-service/internal/database/reports.sql.go:54.16,56.3 1 0
github.com/imhasandl/search-service/internal/database/reports.sql.go:57.2,59.18 3 0
github.com/imhasandl/search-service/internal/database/reports.sql.go:59.18,66.17 2 0
github.com/imhasandl/search-service/internal/database/reports.sql.go:66.17,68.4 1 0
github.com/imhasandl/search-service/internal/database/reports.sql.go:69.3,69.27 1 0
github.com/imhasandl/search-service/internal/database/reports.sql.go:71.2,71.37 1 0
github.com/imhasandl/search-service/internal/database/reports.sql.go:71.37,73.3 1 0
github.com/imhasandl/search-service/internal/database/reports.sql.go:74.2,74.35 1 0
github.com/imhasandl/search-service/internal/database/reports.sql.go:74.35,76.3 1 0
github.com/imhasandl/search-service/internal/database/reports.sql.go:77.2,77.19 1 0
github.com/imhasandl/search-service/internal/database/users.sql.go:20.93,22.16 2 0
github.com/imhasandl/search-service/internal/database/users.sql.go:22.16,24.3 1 0
github.com/imhasandl/search-service/internal/database/users.sql.go:25.2,27.18 3 0
github.com/imhasandl/search-service/internal/database/users.sql.go:27.18,42.17 2 0
github.com/imhasandl/search-service/internal/database/users.sql.go:42.17,44.4 1 0
github.com/imhasandl/search-service/internal/database/users.sql.go:45.3,45.27 1 0
github.com/imhasandl/search-service/internal/database/users.sql.go:47.2,47.37 1 0
github.com/imhasandl/search-service/internal/database/users.sql.go:47.37,49.3 1 0
github.com/imhasandl/search-service/internal/database/users.sql.go:50.2,50.35 1 0
github.com/imhasandl/search-service/internal/database/users.sql.go:50.35,52.3 1 0
github.com/imhasandl/search-service/internal/database/users.sql.go:53.2,53.19 1 0
github.com/imhasandl/search-service/internal/database/users.sql.go:62.99,64.16 2 0
github.com/imhasandl/search-service/internal/database/users.sql.go:64.16,66.3 1 0
github.com/imhasandl/search-service/internal/database/users.sql.go:67.2,69.18 3 0
github.com/imhasandl/search-service/internal/database/users.sql.go:69.18,84.17 2 0
github.com/imhasandl/search-service/internal/database/users.sql.go:84.17,86.4 1 0
github.com/imhasandl/search-service/internal/database/users.sql.go:87.3,87.27 1 0
github.com/imhasandl/search-service/internal/database/users.sql.go:89.2,89.37 1 0
github.com/imhasandl/search-service/internal/database/users.sql.go:89.37,91.3 1 0
github.com/imhasandl/search-service/internal/database/users.sql.go:92.2,92.35 1 0
github.com/imhasandl/search-service/internal/database/users.sql.go:92.35,94.3 1 0
github.com/imhasandl/search-service/internal/database/users.sql.go:95.2,95.19 1 0
github.com/imhasandl/search-service/cmd/server/search-service.go:40.70,45.2 1 0
github.com/imhasandl/search-service/cmd/server/search-service.go:47.112,49.15 2 0
github.com/imhasandl/search-service/cmd/server/search-service.go:49.15,52.3 2 0
github.com/imhasandl/search-service/cmd/server/search-service.go:54.2,57.16 3 0
github.com/imhasandl/search-service/cmd/server/search-service.go:57.16,59.3 1 0
github.com/imhasandl/search-service/cmd/server/search-service.go:61.2,62.29 2 0
github.com/imhasandl/search-service/cmd/server/search-service.go:62.29,73.3 1 0
github.com/imhasandl/search-service/cmd/server/search-service.go:74.2,76.8 1 0
github.com/imhasandl/search-service/cmd/server/search-service.go:79.130,83.16 3 0
github.com/imhasandl/search-service/cmd/server/search-service.go:83.16,85.3 1 0
github.com/imhasandl/search-service/cmd/server/search-service.go:87.2,88.29 2 0
github.com/imhasandl/search-service/cmd/server/search-service.go:88.29,99.3 1 0
github.com/imhasandl/search-service/cmd/server/search-service.go:101.2,103.8 1 0
github.com/imhasandl/search-service/cmd/server/search-service.go:106.112,110.16 3 0
github.com/imhasandl/search-service/cmd/server/search-service.go:110.16,112.3 1 0
github.com/imhasandl/search-service/cmd/server/search-service.go:114.2,115.29 2 0
github.com/imhasandl/search-service/cmd/server/search-service.go:115.29,126.3 1 0
github.com/imhasandl/search-service/cmd/server/search-service.go:128.2,130.8 1 0
github.com/imhasandl/search-service/cmd/server/search-service.go:133.130,137.16 3 0
github.com/imhasandl/search-service/cmd/server/search-service.go:137.16,139.3 1 0
github.com/imhasandl/search-service/cmd/server/search-service.go:141.2,142.29 2 0
github.com/imhasandl/search-service/cmd/server/search-service.go:142.29,153.3 1 0
github.com/imhasandl/search-service/cmd/server/search-service.go:155.2,157.8 1 0
github.com/imhasandl/search-service/cmd/server/search-service.go:160.118,164.16 3 0
github.com/imhasandl/search-service/cmd/server/search-service.go:164.16,166.3 1 0
github.com/imhasandl/search-service/cmd/server/search-service.go:168.2,169.33 2 0
github.com/imhasandl/search-service/cmd/server/search-service.go:169.33,176.3 1 0
github.com/imhasandl/search-service/cmd/server/search-service.go:178.2,180.8 1 0
github.com/imhasandl/search-service/cmd/server/search-service.go:183.136,187.16 3 0
github.com/imhasandl/search-service/cmd/server/search-service.go:187.16,189.3 1 0
github.com/imhasandl/search-service/cmd/server/search-service.go:191.2,192.33 2 0
github.com/imhasandl/search-service/cmd/server/search-service.go:192.33,199.3 1 0
github.com/imhasandl/search-service/cmd/server/search-service.go:201.2,203.8 1 0
github.com/imhasandl/search-service/cmd/helper/responseGRPC.go:14.94,15.16 1 0
github.com/imhasandl/search-service/cmd/helper/responseGRPC.go:15.16,17.3 1 0
github.com/imhasandl/search-service/cmd/helper/responseGRPC.go:19.2,19.27 1 0
github.com/imhasandl/search-service/cmd/helper/responseGRPC.go:19.27,21.3 1 0
github.com/imhasandl/search-service/cmd/helper/responseGRPC.go:23.2,28.16 3 0
github.com/imhasandl/search-service/cmd/helper/responseGRPC.go:28.16,31.3 2 0
github.com/imhasandl/search-service/cmd/helper/responseGRPC.go:33.2,34.33 2 0
github.com/imhasandl/search-service/protos/search.pb.go:32.38,34.29 2 0
github.com/imhasandl/search-service/protos/search.pb.go:34.29,38.3 3 0
github.com/imhasandl/search-service/protos/search.pb.go:41.46,43.2 1 0
github.com/imhasandl/search-service/protos/search.pb.go:45.44,45.45 0 0
github.com/imhasandl/search-service/protos/search.pb.go:47.66,49.41 2 0
github.com/imhasandl/search-service/protos/search.pb.go:49.41,51.34 2 0
github.com/imhasandl/search-service/protos/search.pb.go:51.34,53.4 1 0
github.com/imhasandl/search-service/protos/search.pb.go:54.3,54.12 1 0
github.com/imhasandl/search-service/protos/search.pb.go:56.2,56.24 1 0
github.com/imhasandl/search-service/protos/search.pb.go:60.57,62.2 1 0
github.com/imhasandl/search-service/protos/search.pb.go:64.48,65.14 1 0
github.com/imhasandl/search-service/protos/search.pb.go:65.14,67.3 1 0
github.com/imhasandl/search-service/protos/search.pb.go:68.2,68.11 1 0
github.com/imhasandl/search-service/protos/search.pb.go:79.39,81.29 2 0
github.com/imhasandl/search-service/protos/search.pb.go:81.29,85.3 3 0
github.com/imhasandl/search-service/protos/search.pb.go:88.47,90.2 1 0
github.com/imhasandl/search-service/protos/search.pb.go:92.45,92.46 0 0
github.com/imhasandl/search-service/protos/search.pb.go:94.67,96.41 2 0
github.com/imhasandl/search-service/protos/search.pb.go:96.41,98.34 2 0
github.com/imhasandl/search-service/protos/search.pb.go:98.34,100.4 1 0
github.com/imhasandl/search-service/protos/search.pb.go:101.3,101.12 1 0
github.com/imhasandl/search-service/protos/search.pb.go:103.2,103.24 1 0
github.com/imhasandl/search-service/protos/search.pb.go:107.58,109.2 1 0
github.com/imhasandl/search-service/protos/search.pb.go:111.50,112.14 1 0
github.com/imhasandl/search-service/protos/search.pb.go:112.14,114.3 1 0
github.com/imhasandl/search-service/protos/search.pb.go:115.2,115.12 1 0
github.com/imhasandl/search-service/protos/search.pb.go:126.44,128.29 2 0
github.com/imhasandl/search-service/protos/search.pb.go:128.29,132.3 3 0
github.com/imhasandl/search-service/protos/search.pb.go:135.52,137.2 1 0
github.com/imhasandl/search-service/protos/search.pb.go:139.50,139.51 0 0
github.com/imhasandl/search-service/protos/search.pb.go:141.72,143.41 2 0
github.com/imhasandl/search-service/protos/search.pb.go:143.41,145.34 2 0
github.com/imhasandl/search-service/protos/search.pb.go:145.34,147.4 1 0
github.com/imhasandl/search-service/protos/search.pb.go:148.3,148.12 1 0
github.com/imhasandl/search-service/protos/search.pb.go:150.2,150.24 1 0
github.com/imhasandl/search-service/protos/search.pb.go:154.63,156.2 1 0
github.com/imhasandl/search-service/protos/search.pb.go:158.54,159.14 1 0
github.com/imhasandl/search-service/protos/search.pb.go:159.14,161.3 1 0
github.com/imhasandl/search-service/protos/search.pb.go:162.2,162.11 1 0
github.com/imhasandl/search-service/protos/search.pb.go:173.45,175.29 2 0
github.com/imhasandl/search-service/protos/search.pb.go:175.29,179.3 3 0
github.com/imhasandl/search-service/protos/search.pb.go:182.53,184.2 1 0
github.com/imhasandl/search-service/protos/search.pb.go:186.51,186.52 0 0
github.com/imhasandl/search-service/protos/search.pb.go:188.73,190.41 2 0
github.com/imhasandl/search-service/protos/search.pb.go:190.41,192.34 2 0
github.com/imhasandl/search-service/protos/search.pb.go:192.34,194.4 1 0
github.com/imhasandl/search-service/protos/search.pb.go:195.3,195.12 1 0
github.com/imhasandl/search-service/protos/search.pb.go:197.2,197.24 1 0
github.com/imhasandl/search-service/protos/search.pb.go:201.64,203.2 1 0
github.com/imhasandl/search-service/protos/search.pb.go:205.56,206.14 1 0
github.com/imhasandl/search-service/protos/search.pb.go:206.14,208.3 1 0
github.com/imhasandl/search-service/protos/search.pb.go:209.2,209.12 1 0
github.com/imhasandl/search-service/protos/search.pb.go:220.38,222.29 2 0
github.com/imhasandl/search-service/protos/search.pb.go:222.29,226.3 3 0
github.com/imhasandl/search-service/protos/search.pb.go:229.46,231.2 1 0
github.com/imhasandl/search-service/protos/search.pb.go:233.44,233.45 0 0
github.com/imhasandl/search-service/protos/search.pb.go:235.66,237.41 2 0
github.com/imhasandl/search-service/protos/search.pb.go:237.41,239.34 2 0
github.com/imhasandl/search-service/protos/search.pb.go:239.34,241.4 1 0
github.com/imhasandl/search-service/protos/search.pb.go:242.3,242.12 1 0
github.com/imhasandl/search-service/protos/search.pb.go:244.2,244.24 1 0
github.com/imhasandl/search-service/protos/search.pb.go:248.57,250.2 1 0
github.com/imhasandl/search-service/protos/search.pb.go:252.48,253.14 1 0
github.com/imhasandl/search-service/protos/search.pb.go:253.14,255.3 1 0
github.com/imhasandl/search-service/protos/search.pb.go:256.2,256.11 1 0
github.com/imhasandl/search-service/protos/search.pb.go:267.39,269.29 2 0
github.com/imhasandl/search-service/protos/search.pb.go:269.29,273.3 3 0
github.com/imhasandl/search-service/protos/search.pb.go:276.47,278.2 1 0
github.com/imhasandl/search-service/protos/search.pb.go:280.45,280.46 0 0
github.com/imhasandl/search-service/protos/search.pb.go:282.67,284.41 2 0
github.com/imhasandl/search-service/protos/search.pb.go:284.41,286.34 2 0
github.com/imhasandl/search-service/protos/search.pb.go:286.34,288.4 1 0
github.com/imhasandl/search-service/protos/search.pb.go:289.3,289.12 1 0
github.com/imhasandl/search-service/protos/search.pb.go:291.2,291.24 1 0
github.com/imhasandl/search-service/protos/search.pb.go:295.58,297.2 1 0
github.com/imhasandl/search-service/protos/search.pb.go:299.49,300.14 1 0
github.com/imhasandl/search-service/protos/search.pb.go:300.14,302.3 1 0
github.com/imhasandl/search-service/protos/search.pb.go:303.2,303.12 1 0
github.com/imhasandl/search-service/protos/search.pb.go:314.44,316.29 2 0
github.com/imhasandl/search-service/protos/search.pb.go:316.29,320.3 3 0
github.com/imhasandl/search-service/protos/search.pb.go:323.52,325.2 1 0
github.com/imhasandl/search-service/protos/search.pb.go:327.50,327.51 0 0
github.com/imhasandl/search-service/protos/search.pb.go:329.72,331.41 2 0
github.com/imhasandl/search-service/protos/search.pb.go:331.41,333.34 2 0
github.com/imhasandl/search-service/protos/search.pb.go:333.34,335.4 1 0
github.com/imhasandl/search-service/protos/search.pb.go:336.3,336.12 1 0
github.com/imhasandl/search-service/protos/search.pb.go:338.2,338.24 1 0
github.com/imhasandl/search-service/protos/search.pb.go:342.63,344.2 1 0
github.com/imhasandl/search-service/protos/search.pb.go:346.54,347.14 1 0
github.com/imhasandl/search-service/protos/search.pb.go:347.14,349.3 1 0
github.com/imhasandl/search-service/protos/search.pb.go:350.2,350.11 1 0
github.com/imhasandl/search-service/protos/search.pb.go:361.45,363.29 2 0
github.com/imhasandl/search-service/protos/search.pb.go:363.29,367.3 3 0
github.com/imhasandl/search-service/protos/search.pb.go:370.53,372.2 1 0
github.com/imhasandl/search-service/protos/search.pb.go:374.51,374.52 0 0
github.com/imhasandl/search-service/protos/search.pb.go:376.73,378.41 2 0
github.com/imhasandl/search-service/protos/search.pb.go:378.41,380.34 2 0
github.com/imhasandl/search-service/protos/search.pb.go:380.34,382.4 1 0
github.com/imhasandl/search-service/protos/search.pb.go:383.3,383.12 1 0
github.com/imhasandl/search-service/protos/search.pb.go:385.2,385.24 1 0
github.com/imhasandl/search-service/protos/search.pb.go:389.64,391.2 1 0
github.com/imhasandl/search-service/protos/search.pb.go:393.55,394.14 1 0
github.com/imhasandl/search-service/protos/search.pb.go:394.14,396.3 1 0
github.com/imhasandl/search-service/protos/search.pb.go:397.2,397.12 1 0
github.com/imhasandl/search-service/protos/search.pb.go:408.40,410.29 2 0
github.com/imhasandl/search-service/protos/search.pb.go:410.29,414.3 3 0
github.com/imhasandl/search-service/protos/search.pb.go:417.48,419.2 1 0
github.com/imhasandl/search-service/protos/search.pb.go:421.46,421.47 0 0
github.com/imhasandl/search-service/protos/search.pb.go:423.68,425.41 2 0
github.com/imhasandl/search-service/protos/search.pb.go:425.41,427.34 2 0
github.com/imhasandl/search-service/protos/search.pb.go:427.34,429.4 1 0
github.com/imhasandl/search-service/protos/search.pb.go:430.3,430.12 1 0
github.com/imhasandl/search-service/protos/search.pb.go:432.2,432.24 1 0
github.com/imhasandl/search-service/protos/search.pb.go:436.59,438.2 1 0
github.com/imhasandl/search-service/protos/search.pb.go:440.50,441.14 1 0
github.com/imhasandl/search-service/protos/search.pb.go:441.14,443.3 1 0
github.com/imhasandl/search-service/protos/search.pb.go:444.2,444.11 1 0
github.com/imhasandl/search-service/protos/search.pb.go:455.41,457.29 2 0
github.com/imhasandl/search-service/protos/search.pb.go:457.29,461.3 3 0
github.com/imhasandl/search-service/protos/search.pb.go:464.49,466.2 1 0
github.com/imhasandl/search-service/protos/search.pb.go:468.47,468.48 0 0
github.com/imhasandl/search-service/protos/search.pb.go:470.69,472.41 2 0
github.com/imhasandl/search-service/protos/search.pb.go:472.41,474.34 2 0
github.com/imhasandl/search-service/protos/search.pb.go:474.34,476.4 1 0
github.com/imhasandl/search-service/protos/search.pb.go:477.3,477.12 1 0
github.com/imhasandl/search-service/protos/search.pb.go:479.2,479.24 1 0
github.com/imhasandl/search-service/protos/search.pb.go:483.60,485.2 1 0
github.com/imhasandl/search-service/protos/search.pb.go:487.55,488.14 1 0
github.com/imhasandl/search-service/protos/search.pb.go:488.14,490.3 1 0
github.com/imhasandl/search-service/protos/search.pb.go:491.2,491.12 1 0
github.com/imhasandl/search-service/protos/search.pb.go:502.46,504.29 2 0
github.com/imhasandl/search-service/protos/search.pb.go:504.29,508.3 3 0
github.com/imhasandl/search-service/protos/search.pb.go:511.54,513.2 1 0
github.com/imhasandl/search-service/protos/search.pb.go:515.52,515.53 0 0
github.com/imhasandl/search-service/protos/search.pb.go:517.74,519.41 2 0
github.com/imhasandl/search-service/protos/search.pb.go:519.41,521.34 2 0
github.com/imhasandl/search-service/protos/search.pb.go:521.34,523.4 1 0
github.com/imhasandl/search-service/protos/search.pb.go:524.3,524.12 1 0
github.com/imhasandl/search-service/protos/search.pb.go:526.2,526.24 1 0
github.com/imhasandl/search-service/protos/search.pb.go:530.65,532.2 1 0
github.com/imhasandl/search-service/protos/search.pb.go:534.56,535.14 1 0
github.com/imhasandl/search-service/protos/search.pb.go:535.14,537.3 1 0
github.com/imhasandl/search-service/protos/search.pb.go:538.2,538.11 1 0
github.com/imhasandl/search-service/protos/search.pb.go:549.47,551.29 2 0
github.com/imhasandl/search-service/protos/search.pb.go:551.29,555.3 3 0
github.com/imhasandl/search-service/protos/search.pb.go:558.55,560.2 1 0
github.com/imhasandl/search-service/protos/search.pb.go:562.53,562.54 0 0
github.com/imhasandl/search-service/protos/search.pb.go:564.75,566.41 2 0
github.com/imhasandl/search-service/protos/search.pb.go:566.41,568.34 2 0
github.com/imhasandl/search-service/protos/search.pb.go:568.34,570.4 1 0
github.com/imhasandl/search-service/protos/search.pb.go:571.3,571.12 1 0
github.com/imhasandl/search-service/protos/search.pb.go:573.2,573.24 1 0
github.com/imhasandl/search-service/protos/search.pb.go:577.66,579.2 1 0
github.com/imhasandl/search-service/protos/search.pb.go:581.61,582.14 1 0
github.com/imhasandl/search-service/protos/search.pb.go:582.14,584.3 1 0
github.com/imhasandl/search-service/protos/search.pb.go:585.2,585.12 1 0
github.com/imhasandl/search-service/protos/search.pb.go:603.24,605.29 2 0
github.com/imhasandl/search-service/protos/search.pb.go:605.29,609.3 3 0
github.com/imhasandl/search-service/protos/search.pb.go:612.32,614.2 1 0
github.com/imhasandl/search-service/protos/search.pb.go:616.30,616.31 0 0
github.com/imhasandl/search-service/protos/search.pb.go:618.52,620.41 2 0
github.com/imhasandl/search-service/protos/search.pb.go:620.41,622.34 2 0
github.com/imhasandl/search-service/protos/search.pb.go:622.34,624.4 1 0
github.com/imhasandl/search-service/protos/search.pb.go:625.3,625.12 1 0
github.com/imhasandl/search-service/protos/search.pb.go:627.2,627.24 1 0
github.com/imhasandl/search-service/protos/search.pb.go:631.43,633.2 1 0
github.com/imhasandl/search-service/protos/search.pb.go:635.31,636.14 1 0
github.com/imhasandl/search-service/protos/search.pb.go:636.14,638.3 1 0
github.com/imhasandl/search-service/protos/search.pb.go:639.2,639.11 1 0
github.com/imhasandl/search-service/protos/search.pb.go:642.54,643.14 1 0
github.com/imhasandl/search-service/protos/search.pb.go:643.14,645.3 1 0
github.com/imhasandl/search-service/protos/search.pb.go:646.2,646.12 1 0
github.com/imhasandl/search-service/protos/search.pb.go:649.54,650.14 1 0
github.com/imhasandl/search-service/protos/search.pb.go:650.14,652.3 1 0
github.com/imhasandl/search-service/protos/search.pb.go:653.2,653.12 1 0
github.com/imhasandl/search-service/protos/search.pb.go:656.34,657.14 1 0
github.com/imhasandl/search-service/protos/search.pb.go:657.14,659.3 1 0
github.com/imhasandl/search-service/protos/search.pb.go:660.2,660.11 1 0
github.com/imhasandl/search-service/protos/search.pb.go:663.37,664.14 1 0
github.com/imhasandl/search-service/protos/search.pb.go:664.14,666.3 1 0
github.com/imhasandl/search-service/protos/search.pb.go:667.2,667.11 1 0
github.com/imhasandl/search-service/protos/search.pb.go:670.36,671.14 1 0
github.com/imhasandl/search-service/protos/search.pb.go:671.14,673.3 1 0
github.com/imhasandl/search-service/protos/search.pb.go:674.2,674.14 1 0
github.com/imhasandl/search-service/protos/search.pb.go:677.44,678.14 1 0
github.com/imhasandl/search-service/protos/search.pb.go:678.14,680.3 1 0
github.com/imhasandl/search-service/protos/search.pb.go:681.2,681.10 1 0
github.com/imhasandl/search-service/protos/search.pb.go:684.37,685.14 1 0
github.com/imhasandl/search-service/protos/search.pb.go:685.14,687.3 1 0
github.com/imhasandl/search-service/protos/search.pb.go:688.2,688.14 1 0
github.com/imhasandl/search-service/protos/search.pb.go:706.24,708.29 2 0
github.com/imhasandl/search-service/protos/search.pb.go:708.29,712.3 3 0
github.com/imhasandl/search-service/protos/search.pb.go:715.32,717.2 1 0
github.com/imhasandl/search-service/protos/search.pb.go:719.30,719.31 0 0
github.com/imhasandl/search-service/protos/search.pb.go:721.52,723.41 2 0
github.com/imhasandl/search-service/protos/search.pb.go:723.41,725.34 2 0
github.com/imhasandl/search-service/protos/search.pb.go:725.34,727.4 1 0
github.com/imhasandl/search-service/protos/search.pb.go:728.3,728.12 1 0
github.com/imhasandl/search-service/protos/search.pb.go:730.2,730.24 1 0
github.com/imhasandl/search-service/protos/search.pb.go:734.43,736.2 1 0
github.com/imhasandl/search-service/protos/search.pb.go:738.31,739.14 1 0
github.com/imhasandl/search-service/protos/search.pb.go:739.14,741.3 1 0
github.com/imhasandl/search-service/protos/search.pb.go:742.2,742.11 1 0
github.com/imhasandl/search-service/protos/search.pb.go:745.54,746.14 1 0
github.com/imhasandl/search-service/protos/search.pb.go:746.14,748.3 1 0
github.com/imhasandl/search-service/protos/search.pb.go:749.2,749.12 1 0
github.com/imhasandl/search-service/protos/search.pb.go:752.54,753.14 1 0
github.com/imhasandl/search-service/protos/search.pb.go:753.14,755.3 1 0
github.com/imhasandl/search-service/protos/search.pb.go:756.2,756.12 1 0
github.com/imhasandl/search-service/protos/search.pb.go:759.37,760.14 1 0
github.com/imhasandl/search-service/protos/search.pb.go:760.14,762.3 1 0
github.com/imhasandl/search-service/protos/search.pb.go:763.2,763.11 1 0
github.com/imhasandl/search-service/protos/search.pb.go:766.33,767.14 1 0
github.com/imhasandl/search-service/protos/search.pb.go:767.14,769.3 1 0
github.com/imhasandl/search-service/protos/search.pb.go:770.2,770.11 1 0
github.com/imhasandl/search-service/protos/search.pb.go:773.33,774.14 1 0
github.com/imhasandl/search-service/protos/search.pb.go:774.14,776.3 1 0
github.com/imhasandl/search-service/protos/search.pb.go:777.2,777.10 1 0
github.com/imhasandl/search-service/protos/search.pb.go:780.33,781.14 1 0
github.com/imhasandl/search-service/protos/search.pb.go:781.14,783.3 1 0
github.com/imhasandl/search-service/protos/search.pb.go:784.2,784.10 1 0
github.com/imhasandl/search-service/protos/search.pb.go:787.38,788.14 1 0
github.com/imhasandl/search-service/protos/search.pb.go:788.14,790.3 1 0
github.com/imhasandl/search-service/protos/search.pb.go:791.2,791.12 1 0
github.com/imhasandl/search-service/protos/search.pb.go:805.26,807.29 2 0
github.com/imhasandl/search-service/protos/search.pb.go:807.29,811.3 3 0
github.com/imhasandl/search-service/protos/search.pb.go:814.34,816.2 1 0
github.com/imhasandl/search-service/protos/search.pb.go:818.32,818.33 0 0
github.com/imhasandl/search-service/protos/search.pb.go:820.54,822.41 2 0
github.com/imhasandl/search-service/protos/search.pb.go:822.41,824.34 2 0
github.com/imhasandl/search-service/protos/search.pb.go:824.34,826.4 1 0
github.com/imhasandl/search-service/protos/search.pb.go:827.3,827.12 1 0
github.com/imhasandl/search-service/protos/search.pb.go:829.2,829.24 1 0
github.com/imhasandl/search-service/protos/search.pb.go:833.45,835.2 1 0
github.com/imhasandl/search-service/protos/search.pb.go:837.33,838.14 1 0
github.com/imhasandl/search-service/protos/search.pb.go:838.14,840.3 1 0
github.com/imhasandl/search-service/protos/search.pb.go:841.2,841.11 1 0
github.com/imhasandl/search-service/protos/search.pb.go:844.57,845.14 1 0
github.com/imhasandl/search-service/protos/search.pb.go:845.14,847.3 1 0
github.com/imhasandl/search-service/protos/search.pb.go:848.2,848.12 1 0
github.com/imhasandl/search-service/protos/search.pb.go:851.41,852.14 1 0
github.com/imhasandl/search-service/protos/search.pb.go:852.14,854.3 1 0
github.com/imhasandl/search-service/protos/search.pb.go:855.2,855.11 1 0
github.com/imhasandl/search-service/protos/search.pb.go:858.37,859.14 1 0
github.com/imhasandl/search-service/protos/search.pb.go:859.14,861.3 1 0
github.com/imhasandl/search-service/protos/search.pb.go:862.2,862.11 1 0
github.com/imhasandl/search-service/protos/search.pb.go:1001.45,1002.42 1 0
github.com/imhasandl/search-service/protos/search.pb.go:1002.42,1004.3 1 0
github.com/imhasandl/search-service/protos/search.pb.go:1005.2,1005.38 1 0
github.com/imhasandl/search-service/protos/search.pb.go:1058.13,1058.41 1 0
github.com/imhasandl/search-service/protos/search.pb.go:1059.31,1060.30 1 0
github.com/imhasandl/search-service/protos/search.pb.go:1060.30,1062.3 1 0
github.com/imhasandl/search-service/protos/search.pb.go:1063.2,1063.30 1 0
github.com/imhasandl/search-service/protos/search.pb.go:1063.30,1064.83 1 0
github.com/imhasandl/search-service/protos/search.pb.go:1064.83,1065.43 1 0
github.com/imhasandl/search-service/protos/search.pb.go:1066.11,1067.20 1 0
github.com/imhasandl/search-service/protos/search.pb.go:1068.11,1069.24 1 0
github.com/imhasandl/search-service/protos/search.pb.go:1070.11,1071.28 1 0
github.com/imhasandl/search-service/protos/search.pb.go:1072.12,1073.15 1 0
github.com/imhasandl/search-service/protos/search.pb.go:1076.3,1076.83 1 0
github.com/imhasandl/search-service/protos/search.pb.go:1076.83,1077.44 1 0
github.com/imhasandl/search-service/protos/search.pb.go:1078.11,1079.20 1 0
github.com/imhasandl/search-service/protos/search.pb.go:1080.11,1081.24 1 0
github.com/imhasandl/search-service/protos/search.pb.go:1082.11,1083.28 1 0
github.com/imhasandl/search-service/protos/search.pb.go:1084.12,1085.15 1 0
github.com/imhasandl/search-service/protos/search.pb.go:1088.3,1088.83 1 0
github.com/imhasandl/search-service/protos/search.pb.go:1088.83,1089.49 1 0
github.com/imhasandl/search-service/protos/search.pb.go:1090.11,1091.20 1 0
github.com/imhasandl/search-service/protos/search.pb.go:1092.11,1093.24 1 0
github.com/imhasandl/search-service/protos/search.pb.go:1094.11,1095.28 1 0
github.com/imhasandl/search-service/protos/search.pb.go:1096.12,1097.15 1 0
github.com/imhasandl/search-service/protos/search.pb.go:1100.3,1100.83 1 0
github.com/imhasandl/search-service/protos/search.pb.go:1100.83,1101.50 1 0
github.com/imhasandl/search-service/protos/search.pb.go:1102.11,1103.20 1 0
github.com/imhasandl/search-service/protos/search.pb.go:1104.11,1105.24 1 0
github.com/imhasandl/search-service/protos/search.pb.go:1106.11,1107.28 1 0
github.com/imhasandl/search-service/protos/search.pb.go:1108.12,1109.15 1 0
github.com/imhasandl/search-service/protos/search.pb.go:1112.3,1112.83 1 0
github.com/imhasandl/search-service/protos/search.pb.go:1112.83,1113.43 1 0
github.com/imhasandl/search-service/protos/search.pb.go:1114.11,1115.20 1 0
github.com/imhasandl/search-service/protos/search.pb.go:1116.11,1117.24 1 0
github.com/imhasandl/search-service/protos/search.pb.go:1118.11,1119.28 1 0
github.com/imhasandl/search-service/protos/search.pb.go:1120.12,1121.15 1 0
github.com/imhasandl/search-service/protos/search.pb.go:1124.3,1124.83 1 0
github.com/imhasandl/search-service/protos/search.pb.go:1124.83,1125.44 1 0
github.com/imhasandl/search-service/protos/search.pb.go:1126.11,1127.20 1 0
github.com/imhasandl/search-service/protos/search.pb.go:1128.11,1129.24 1 0
github.com/imhasandl/search-service/protos/search.pb.go:1130.11,1131.28 1 0
github.com/imhasandl/search-service/protos/search.pb.go:1132.12,1133.15 1 0
github.com/imhasandl/search-service/protos/search.pb.go:1136.3,1136.83 1 0
github.com/imhasandl/search-service/protos/search.pb.go:1136.83,1137.49 1 0
github.com/imhasandl/search-service/protos/search.pb.go:1138.11,1139.20 1 0
github.com/imhasandl/search-service/protos/search.pb.go:1140.11,1141.24 1 0
github.com/imhasandl/search-service/protos/search.pb.go:1142.11,1143.28 1 0
github.com/imhasandl/search-service/protos/search.pb.go:1144.12,1145.15 1 0
github.com/imhasandl/search-service/protos/search.pb.go:1148.3,1148.83 1 0
github.com/imhasandl/search-service/protos/search.pb.go:1148.83,1149.50 1 0
github.com/imhasandl/search-service/protos/search.pb.go:1150.11,1151.20 1 0
github.com/imhasandl/search-service/protos/search.pb.go:1152.11,1153.24 1 0
github.com/imhasandl/search-service/protos/search.pb.go:1154.11,1155.28 1 0
github.com/imhasandl/search-service/protos/search.pb.go:1156.12,1157.15 1 0
github.com/imhasandl/search-service/protos/search.pb.go:1160.3,1160.83 1 0
github.com/imhasandl/search-service/protos/search.pb.go:1160.83,1161.45 1 0
github.com/imhasandl/search-service/protos/search.pb.go:1162.11,1163.20 1 0
github.com/imhasandl/search-service/protos/search.pb.go:1164.11,1165.24 1 0
github.com/imhasandl/search-service/protos/search.pb.go:1166.11,1167.28 1 0
github.com/imhasandl/search-service/protos/search.pb.go:1168.12,1169.15 1 0
github.com/imhasandl/search-service/protos/search.pb.go:1172.3,1172.83 1 0
github.com/imhasandl/search-service/protos/search.pb.go:1172.83,1173.46 1 0
github.com/imhasandl/search-service/protos/search.pb.go:1174.11,1175.20 1 0
github.com/imhasandl/search-service/protos/search.pb.go:1176.11,1177.24 1 0
github.com/imhasandl/search-service/protos/search.pb.go:1178.11,1179.28 1 0
github.com/imhasandl/search-service/protos/search.pb.go:1180.12,1181.15 1 0
github.com/imhasandl/search-service/protos/search.pb.go:1184.3,1184.84 1 0
github.com/imhasandl/search-service/protos/search.pb.go:1184.84,1185.51 1 0
github.com/imhasandl/search-service/protos/search.pb.go:1186.11,1187.20 1 0
github.com/imhasandl/search-service/protos/search.pb.go:1188.11,1189.24 1 0
github.com/imhasandl/search-service/protos/search.pb.go:1190.11,1191.28 1 0
github.com/imhasandl/search-service/protos/search.pb.go:1192.12,1193.15 1 0
github.com/imhasandl/search-service/protos/search.pb.go:1196.3,1196.84 1 0
github.com/imhasandl/search-service/protos/search.pb.go:1196.84,1197.52 1 0
github.com/imhasandl/search-service/protos/search.pb.go:1198.11,1199.20 1 0
github.com/imhasandl/search-service/protos/search.pb.go:1200.11,1201.24 1 0
github.com/imhasandl/search-service/protos/search.pb.go:1202.11,1203.28 1 0
github.com/imhasandl/search-service/protos/search.pb.go:1204.12,1205.15 1 0
github.com/imhasandl/search-service/protos/search.pb.go:1208.3,1208.84 1 0
github.com/imhasandl/search-service/protos/search.pb.go:1208.84,1209.29 1 0
github.com/imhasandl/search-service/protos/search.pb.go:1210.11,1211.20 1 0
github.com/imhasandl/search-service/protos/search.pb.go:1212.11,1213.24 1 0
github.com/imhasandl/search-service/protos/search.pb.go:1214.11,1215.28 1 0
github.com/imhasandl/search-service/protos/search.pb.go:1216.12,1217.15 1 0
github.com/imhasandl/search-service/protos/search.pb.go:1220.3,1220.84 1 0
github.com/imhasandl/search-service/protos/search.pb.go:1220.84,1221.29 1 0
github.com/imhasandl/search-service/protos/search.pb.go:1222.11,1223.20 1 0
github.com/imhasandl/search-service/protos/search.pb.go:1224.11,1225.24 1 0
github.com/imhasandl/search-service/protos/search.pb.go:1226.11,1227.28 1 0
github.com/imhasandl/search-service/protos/search.pb.go:1228.12,1229.15 1 0
github.com/imhasandl/search-service/protos/search.pb.go:1232.3,1232.84 1 0
github.com/imhasandl/search-service/protos/search.pb.go:1232.84,1233.31 1 0
github.com/imhasandl/search-service/protos/search.pb.go:1234.11,1235.20 1 0
github.com/imhasandl/search-service/protos/search.pb.go:1236.11,1237.24 1 0
github.com/imhasandl/search-service/protos/search.pb.go:1238.11,1239.28 1 0
github.com/imhasandl/search-service/protos/search.pb.go:1240.12,1241.15 1 0
github.com/imhasandl/search-service/protos/search.pb.go:1245.2,1262.33 6 0
github.com/imhasandl/search-service/protos/search_grpc.pb.go:37.78,39.2 1 0
github.com/imhasandl/search-service/protos/search_grpc.pb.go:41.143,44.16 3 0
github.com/imhasandl/search-service/protos/search_grpc.pb.go:44.16,46.3 1 0
github.com/imhasandl/search-service/protos/search_grpc.pb.go:47.2,47.17 1 0
github.com/imhasandl/search-service/protos/search_grpc.pb.go:50.161,53.16 3 0
github.com/imhasandl/search-service/protos/search_grpc.pb.go:53.16,55.3 1 0
github.com/imhasandl/search-service/protos/search_grpc.pb.go:56.2,56.17 1 0
github.com/imhasandl/search-service/protos/search_grpc.pb.go:59.143,62.16 3 0
github.com/imhasandl/search-service/protos/search_grpc.pb.go:62.16,64.3 1 0
github.com/imhasandl/search-service/protos/search_grpc.pb.go:65.2,65.17 1 0
github.com/imhasandl/search-service/protos/search_grpc.pb.go:68.161,71.16 3 0
github.com/imhasandl/search-service/protos/search_grpc.pb.go:71.16,73.3 1 0
github.com/imhasandl/search-service/protos/search_grpc.pb.go:74.2,74.17 1 0
github.com/imhasandl/search-service/protos/search_grpc.pb.go:77.149,80.16 3 0
github.com/imhasandl/search-service/protos/search_grpc.pb.go:80.16,82.3 1 0
github.com/imhasandl/search-service/protos/search_grpc.pb.go:83.2,83.17 1 0
github.com/imhasandl/search-service/protos/search_grpc.pb.go:86.167,89.16 3 0
github.com/imhasandl/search-service/protos/search_grpc.pb.go:89.16,91.3 1 0
github.com/imhasandl/search-service/protos/search_grpc.pb.go:92.2,92.17 1 0
github.com/imhasandl/search-service/protos/search_grpc.pb.go:112.121,114.2 1 0
github.com/imhasandl/search-service/protos/search_grpc.pb.go:115.139,117.2 1 0
github.com/imhasandl/search-service/protos/search_grpc.pb.go:118.121,120.2 1 0
github.com/imhasandl/search-service/protos/search_grpc.pb.go:121.139,123.2 1 0
github.com/imhasandl/search-service/protos/search_grpc.pb.go:124.127,126.2 1 0
github.com/imhasandl/search-service/protos/search_grpc.pb.go:127.145,129.2 1 0
github.com/imhasandl/search-service/protos/search_grpc.pb.go:130.86,130.87 0 0
github.com/imhasandl/search-service/protos/search_grpc.pb.go:139.84,141.2 1 0
github.com/imhasandl/search-service/protos/search_grpc.pb.go:143.170,145.32 2 0
github.com/imhasandl/search-service/protos/search_grpc.pb.go:145.32,147.3 1 0
github.com/imhasandl/search-service/protos/search_grpc.pb.go:148.2,148.24 1 0
github.com/imhasandl/search-service/protos/search_grpc.pb.go:148.24,150.3 1 0
github.com/imhasandl/search-service/protos/search_grpc.pb.go:151.2,155.77 2 0
github.com/imhasandl/search-service/protos/search_grpc.pb.go:155.77,157.3 1 0
github.com/imhasandl/search-service/protos/search_grpc.pb.go:158.2,158.44 1 0
github.com/imhasandl/search-service/protos/search_grpc.pb.go:161.176,163.32 2 0
github.com/imhasandl/search-service/protos/search_grpc.pb.go:163.32,165.3 1 0
github.com/imhasandl/search-service/protos/search_grpc.pb.go:166.2,166.24 1 0
github.com/imhasandl/search-service/protos/search_grpc.pb.go:166.24,168.3 1 0
github.com/imhasandl/search-service/protos/search_grpc.pb.go:169.2,173.77 2 0
github.com/imhasandl/search-service/protos/search_grpc.pb.go:173.77,175.3 1 0
github.com/imhasandl/search-service/protos/search_grpc.pb.go:176.2,176.44 1 0
github.com/imhasandl/search-service/protos/search_grpc.pb.go:179.170,181.32 2 0
github.com/imhasandl/search-service/protos/search_grpc.pb.go:181.32,183.3 1 0
github.com/imhasandl/search-service/protos/search_grpc.pb.go:184.2,184.24 1 0
github.com/imhasandl/search-service/protos/search_grpc.pb.go:184.24,186.3 1 0
github.com/imhasandl/search-service/protos/search_grpc.pb.go:187.2,191.77 2 0
github.com/imhasandl/search-service/protos/search_grpc.pb.go:191.77,193.3 1 0
github.com/imhasandl/search-service/protos/search_grpc.pb.go:194.2,194.44 1 0
github.com/imhasandl/search-service/protos/search_grpc.pb.go:197.176,199.32 2 0
github.com/imhasandl/search-service/protos/search_grpc.pb.go:199.32,201.3 1 0
github.com/imhasandl/search-service/protos/search_grpc.pb.go:202.2,202.24 1 0
github.com/imhasandl/search-service/protos/search_grpc.pb.go:202.24,204.3 1 0
github.com/imhasandl/search-service/protos/search_grpc.pb.go:205.2,209.77 2 0
github.com/imhasandl/search-service/protos/search_grpc.pb.go:209.77,211.3 1 0
github.com/imhasandl/search-service/protos/search_grpc.pb.go:212.2,212.44 1 0
github.com/imhasandl/search-service/protos/search_grpc.pb.go:215.172,217.32 2 0
github.com/imhasandl/search-service/protos/search_grpc.pb.go:217.32,219.3 1 0
github.com/imhasandl/search-service/protos/search_grpc.pb.go:220.2,220.24 1 0
github.com/imhasandl/search-service/protos/search_grpc.pb.go:220.24,222.3 1 0
github.com/imhasandl/search-service/protos/search_grpc.pb.go:223.2,227.77 2 0
github.com/imhasandl/search-service/protos/search_grpc.pb.go:227.77,229.3 1 0
github.com/imhasandl/search-service/protos/search_grpc.pb.go:230.2,230.44 1 0
github.com/imhasandl/search-service/protos/search_grpc.pb.go:233.178,235.32 2 0
github.com/imhasandl/search-service/protos/search_grpc.pb.go:235.32,237.3 1 0
github.com/imhasandl/search-service/protos/search_grpc.pb.go:238.2,238.24 1 0
github.com/imhasandl/search-service/protos/search_grpc.pb.go:238.24,240.3 1 0
github.com/imhasandl/search-service/protos/search_grpc.pb.go:241.2,245.77 2 0
github.com/imhasandl/search-service/protos/search_grpc.pb.go:245.77,247.3 1 0
github.com/imhasandl/search-service/protos/search_grpc.pb.go:248.2,248.44 1 0
